<?xml version="1.0" encoding="UTF-8"?>
<!-- Generated by org.testng.reporters.JUnitReportReporter -->
<testsuite hostname="DESKTOP-KJQ2J7E" failures="0" tests="3" name="javascriptExecutor.Logintest" time="60.659" errors="0" timestamp="18 May 2021 06:46:37 GMT">
  <testcase classname="javascriptExecutor.Logintest" name="verifytitle" time="17.816"/>
  <testcase classname="javascriptExecutor.Logintest" name="verifyUrl" time="16.778"/>
  <testcase classname="javascriptExecutor.Logintest" name="alertpop" time="26.065"/>
</testsuite> <!-- javascriptExecutor.Logintest -->
