<?xml version="1.0" encoding="UTF-8"?>
<!-- Generated by org.testng.reporters.JUnitReportReporter -->
<testsuite hostname="DESKTOP-KJQ2J7E" failures="0" tests="2" name="testNG.parallel" time="80.897" errors="0" timestamp="25 May 2021 08:15:39 GMT">
  <testcase classname="testNG.parallel" name="Edgeops" time="41.845"/>
  <testcase classname="testNG.parallel" name="CromeOPs" time="39.052"/>
</testsuite> <!-- testNG.parallel -->
