<?xml version="1.0" encoding="UTF-8"?>
<!-- Generated by org.testng.reporters.JUnitReportReporter -->
<testsuite hostname="DESKTOP-KJQ2J7E" failures="0" tests="3" name="testng1.demo3" time="11.642" errors="0" timestamp="25 May 2021 10:10:58 GMT">
  <testcase classname="testng1.demo3" name="m2" time="0.012"/>
  <testcase classname="testng1.demo3" name="a1" time="11.615"/>
  <testcase classname="testng1.demo3" name="m1" time="0.015"/>
</testsuite> <!-- testng1.demo3 -->
