<?xml version="1.0" encoding="UTF-8"?>
<!-- Generated by org.testng.reporters.JUnitReportReporter -->
<testsuite hostname="DESKTOP-KJQ2J7E" failures="0" tests="7" name="dataDrivenFramework.demo2" time="108.341" errors="0" timestamp="7 May 2021 09:14:27 GMT">
  <testcase classname="dataDrivenFramework.demo2" name="login" time="12.518"/>
  <testcase classname="dataDrivenFramework.demo2" name="login" time="15.668"/>
  <testcase classname="dataDrivenFramework.demo2" name="login" time="12.323"/>
  <testcase classname="dataDrivenFramework.demo2" name="login" time="19.550"/>
  <testcase classname="dataDrivenFramework.demo2" name="login" time="17.757"/>
  <testcase classname="dataDrivenFramework.demo2" name="login" time="10.130"/>
  <testcase classname="dataDrivenFramework.demo2" name="login" time="20.395"/>
</testsuite> <!-- dataDrivenFramework.demo2 -->
